<?xml version="1.0" encoding="UTF-8"?>
<testsuite xmlns:xsi="http://www.w3.org/2001/XMLSchema-instance" xsi:noNamespaceSchemaLocation="https://maven.apache.org/surefire/maven-surefire-plugin/xsd/surefire-test-report.xsd" name="com.pingcap.test.AppTest" time="0.091" tests="3" errors="2" skipped="0" failures="0">
  <properties>
[...]
</properties>
  <testcase name="shouldAnswerWithTrue" classname="com.pingcap.test.AppTest" time="0.005"/>
  <testcase name="test1" classname="com.pingcap.test.AppTest" time="0.03">
    <error message="Index: 4, Size: 4" type="java.lang.IndexOutOfBoundsException">java.lang.IndexOutOfBoundsException: Index: 4, Size: 4
	at com.pingcap.test.AppTest.test1(AppTest.java:30)
</error>
    <system-out><![CDATA[node(id=1, key=[641], father=0, pos_in_father=-1, children=[]), next=0, last=0, deleted=false
-----------------
node(id=1, key=[641,974], father=0, pos_in_father=-1, children=[]), next=0, last=0, deleted=false
-----------------
node(id=4, key=[641], father=0, pos_in_father=-1, children=[2,3]), next=0, last=0, deleted=false
node(id=2, key=[240], father=4, pos_in_father=0, children=[]), next=3, last=0, deleted=false
node(id=3, key=[641,974], father=4, pos_in_father=1, children=[]), next=0, last=2, deleted=false
-----------------
node(id=4, key=[641], father=0, pos_in_father=-1, children=[2,3]), next=0, last=0, deleted=false
node(id=2, key=[240,245], father=4, pos_in_father=0, children=[]), next=3, last=0, deleted=false
node(id=3, key=[641,974], father=4, pos_in_father=1, children=[]), next=0, last=2, deleted=false
-----------------
node(id=4, key=[240,641], father=0, pos_in_father=-1, children=[5,2,6]), next=0, last=0, deleted=false
node(id=5, key=[117], father=4, pos_in_father=1, children=[]), next=6, last=0, deleted=false
node(id=2, key=[117,240,245], father=4, pos_in_father=1, children=[]), next=3, last=0, deleted=false
node(id=6, key=[240,245], father=4, pos_in_father=2, children=[]), next=3, last=5, deleted=false
-----------------
node(id=4, key=[240,641], father=0, pos_in_father=-1, children=[5,2,6]), next=0, last=0, deleted=false
node(id=5, key=[10,117], father=4, pos_in_father=1, children=[]), next=6, last=0, deleted=false
node(id=2, key=[117,240,245], father=4, pos_in_father=1, children=[]), next=3, last=0, deleted=false
node(id=6, key=[240,245], father=4, pos_in_father=2, children=[]), next=3, last=5, deleted=false
-----------------
]]></system-out>
  </testcase>
  <testcase name="test2" classname="com.pingcap.test.AppTest" time="0.006">
    <error message="Index: 3, Size: 3" type="java.lang.IndexOutOfBoundsException">java.lang.IndexOutOfBoundsException: Index: 3, Size: 3
	at com.pingcap.test.AppTest.test2(AppTest.java:49)
</error>
    <system-out><![CDATA[788,331,818,53,]]></system-out>
  </testcase>
</testsuite>